D:\VS2022\MSBuild\Microsoft\VC\v170\Microsoft.CppBuild.targets(520,5): warning MSB8004: Output 目录未以斜杠结尾。  此生成实例将添加斜杠，因为必须有这个斜杠才能正确计算 Output 目录。
main.obj : error LNK2019: 无法解析的外部符号 "public: __thiscall cv::VideoCapture::VideoCapture(class cv::String const &)" (??0VideoCapture@cv@@QAE@ABVString@1@@Z)，函数 "bool __cdecl Show_Video(void)" (?Show_Video@@YA_NXZ) 中引用了该符号
main.obj : error LNK2019: 无法解析的外部符号 "public: virtual __thiscall cv::VideoCapture::~VideoCapture(void)" (??1VideoCapture@cv@@UAE@XZ)，函数 "bool __cdecl Show_Video(void)" (?Show_Video@@YA_NXZ) 中引用了该符号
main.obj : error LNK2019: 无法解析的外部符号 "public: virtual bool __thiscall cv::VideoCapture::isOpened(void)const " (?isOpened@VideoCapture@cv@@UBE_NXZ)，函数 "bool __cdecl Show_Video(void)" (?Show_Video@@YA_NXZ) 中引用了该符号
main.obj : error LNK2019: 无法解析的外部符号 "public: virtual void __thiscall cv::VideoCapture::release(void)" (?release@VideoCapture@cv@@UAEXXZ)，函数 "bool __cdecl Show_Video(void)" (?Show_Video@@YA_NXZ) 中引用了该符号
main.obj : error LNK2019: 无法解析的外部符号 "public: virtual bool __thiscall cv::VideoCapture::read(class cv::debug_build_guard::_OutputArray const &)" (?read@VideoCapture@cv@@UAE_NABV_OutputArray@debug_build_guard@2@@Z)，函数 "bool __cdecl Show_Video(void)" (?Show_Video@@YA_NXZ) 中引用了该符号
main.obj : error LNK2019: 无法解析的外部符号 "public: virtual bool __thiscall cv::VideoCapture::set(int,double)" (?set@VideoCapture@cv@@UAE_NHN@Z)，函数 "bool __cdecl Show_Video(void)" (?Show_Video@@YA_NXZ) 中引用了该符号
main.obj : error LNK2019: 无法解析的外部符号 "public: virtual double __thiscall cv::VideoCapture::get(int)const " (?get@VideoCapture@cv@@UBENH@Z)，函数 "bool __cdecl Show_Video(void)" (?Show_Video@@YA_NXZ) 中引用了该符号
main.obj : error LNK2019: 无法解析的外部符号 __imp__FreeImage_DeInitialise@0，函数 "bool __cdecl Gif_Load(class std::basic_string<char,struct std::char_traits<char>,class std::allocator<char> > const &)" (?Gif_Load@@YA_NABV?$basic_string@DU?$char_traits@D@std@@V?$allocator@D@2@@std@@@Z) 中引用了该符号
main.obj : error LNK2019: 无法解析的外部符号 __imp__FreeImage_Unload@4，函数 "bool __cdecl Gif_Load(class std::basic_string<char,struct std::char_traits<char>,class std::allocator<char> > const &)" (?Gif_Load@@YA_NABV?$basic_string@DU?$char_traits@D@std@@V?$allocator@D@2@@std@@@Z) 中引用了该符号
main.obj : error LNK2019: 无法解析的外部符号 __imp__FreeImage_Load@12，函数 "bool __cdecl Gif_Load(class std::basic_string<char,struct std::char_traits<char>,class std::allocator<char> > const &)" (?Gif_Load@@YA_NABV?$basic_string@DU?$char_traits@D@std@@V?$allocator@D@2@@std@@@Z) 中引用了该符号
main.obj : error LNK2019: 无法解析的外部符号 __imp__FreeImage_GetFIFFromFilename@4，函数 "bool __cdecl Gif_Load(class std::basic_string<char,struct std::char_traits<char>,class std::allocator<char> > const &)" (?Gif_Load@@YA_NABV?$basic_string@DU?$char_traits@D@std@@V?$allocator@D@2@@std@@@Z) 中引用了该符号
main.obj : error LNK2019: 无法解析的外部符号 __imp__FreeImage_FIFSupportsReading@4，函数 "bool __cdecl Gif_Load(class std::basic_string<char,struct std::char_traits<char>,class std::allocator<char> > const &)" (?Gif_Load@@YA_NABV?$basic_string@DU?$char_traits@D@std@@V?$allocator@D@2@@std@@@Z) 中引用了该符号
main.obj : error LNK2019: 无法解析的外部符号 __imp__FreeImage_OpenMultiBitmap@24，函数 "bool __cdecl Gif_Load(class std::basic_string<char,struct std::char_traits<char>,class std::allocator<char> > const &)" (?Gif_Load@@YA_NABV?$basic_string@DU?$char_traits@D@std@@V?$allocator@D@2@@std@@@Z) 中引用了该符号
main.obj : error LNK2019: 无法解析的外部符号 __imp__FreeImage_GetPageCount@4，函数 "bool __cdecl Gif_Load(class std::basic_string<char,struct std::char_traits<char>,class std::allocator<char> > const &)" (?Gif_Load@@YA_NABV?$basic_string@DU?$char_traits@D@std@@V?$allocator@D@2@@std@@@Z) 中引用了该符号
main.obj : error LNK2019: 无法解析的外部符号 __imp__FreeImage_LockPage@8，函数 "bool __cdecl Gif_Load(class std::basic_string<char,struct std::char_traits<char>,class std::allocator<char> > const &)" (?Gif_Load@@YA_NABV?$basic_string@DU?$char_traits@D@std@@V?$allocator@D@2@@std@@@Z) 中引用了该符号
main.obj : error LNK2019: 无法解析的外部符号 __imp__FreeImage_UnlockPage@12，函数 "bool __cdecl Gif_Load(class std::basic_string<char,struct std::char_traits<char>,class std::allocator<char> > const &)" (?Gif_Load@@YA_NABV?$basic_string@DU?$char_traits@D@std@@V?$allocator@D@2@@std@@@Z) 中引用了该符号
main.obj : error LNK2019: 无法解析的外部符号 __imp__FreeImage_GetFileType@8，函数 "bool __cdecl Gif_Load(class std::basic_string<char,struct std::char_traits<char>,class std::allocator<char> > const &)" (?Gif_Load@@YA_NABV?$basic_string@DU?$char_traits@D@std@@V?$allocator@D@2@@std@@@Z) 中引用了该符号
main.obj : error LNK2019: 无法解析的外部符号 __imp__FreeImage_GetBits@4，函数 "bool __cdecl Gif_Load(class std::basic_string<char,struct std::char_traits<char>,class std::allocator<char> > const &)" (?Gif_Load@@YA_NABV?$basic_string@DU?$char_traits@D@std@@V?$allocator@D@2@@std@@@Z) 中引用了该符号
main.obj : error LNK2019: 无法解析的外部符号 __imp__FreeImage_GetPixelIndex@16，函数 "class cv::Mat __cdecl Gif_To_Mat(struct FIBITMAP *,enum FREE_IMAGE_FORMAT)" (?Gif_To_Mat@@YA?AVMat@cv@@PAUFIBITMAP@@W4FREE_IMAGE_FORMAT@@@Z) 中引用了该符号
main.obj : error LNK2019: 无法解析的外部符号 __imp__FreeImage_GetBPP@4，函数 "class cv::Mat __cdecl Gif_To_Mat(struct FIBITMAP *,enum FREE_IMAGE_FORMAT)" (?Gif_To_Mat@@YA?AVMat@cv@@PAUFIBITMAP@@W4FREE_IMAGE_FORMAT@@@Z) 中引用了该符号
main.obj : error LNK2019: 无法解析的外部符号 __imp__FreeImage_GetWidth@4，函数 "bool __cdecl Gif_Load(class std::basic_string<char,struct std::char_traits<char>,class std::allocator<char> > const &)" (?Gif_Load@@YA_NABV?$basic_string@DU?$char_traits@D@std@@V?$allocator@D@2@@std@@@Z) 中引用了该符号
main.obj : error LNK2019: 无法解析的外部符号 __imp__FreeImage_GetHeight@4，函数 "bool __cdecl Gif_Load(class std::basic_string<char,struct std::char_traits<char>,class std::allocator<char> > const &)" (?Gif_Load@@YA_NABV?$basic_string@DU?$char_traits@D@std@@V?$allocator@D@2@@std@@@Z) 中引用了该符号
main.obj : error LNK2019: 无法解析的外部符号 __imp__FreeImage_GetPalette@4，函数 "class cv::Mat __cdecl Gif_To_Mat(struct FIBITMAP *,enum FREE_IMAGE_FORMAT)" (?Gif_To_Mat@@YA?AVMat@cv@@PAUFIBITMAP@@W4FREE_IMAGE_FORMAT@@@Z) 中引用了该符号
main.obj : error LNK2019: 无法解析的外部符号 __imp__FreeImage_ConvertTo8Bits@4，函数 "class cv::Mat __cdecl Gif_To_Mat(struct FIBITMAP *,enum FREE_IMAGE_FORMAT)" (?Gif_To_Mat@@YA?AVMat@cv@@PAUFIBITMAP@@W4FREE_IMAGE_FORMAT@@@Z) 中引用了该符号
..\..\lib\x86\FreeImage.lib : warning LNK4272: 库计算机类型“x64”与目标计算机类型“x86”冲突
..\..\bin\win32\OpencvDemo.exe : fatal error LNK1120: 24 个无法解析的外部命令
