f:\desktop\imgui_load_gif\project\opencv\src\opencvdemo\obj\x64\debug\opencvdemo\imgui.obj
f:\desktop\imgui_load_gif\project\opencv\src\opencvdemo\obj\x64\debug\opencvdemo\imgui_draw.obj
f:\desktop\imgui_load_gif\project\opencv\src\opencvdemo\obj\x64\debug\opencvdemo\main.obj
f:\desktop\imgui_load_gif\project\opencv\src\opencvdemo\obj\x64\debug\opencvdemo\imgui_impl_dx11.obj
f:\desktop\imgui_load_gif\project\opencv\src\opencvdemo\obj\x64\debug\opencvdemo\imgui_demo.obj
f:\desktop\imgui_load_gif\project\opencv\src\opencvdemo\obj\x64\debug\opencvdemo\imgui_impl_win32.obj
f:\desktop\imgui_load_gif\project\opencv\src\opencvdemo\obj\x64\debug\opencvdemo\imgui_widgets.obj
f:\desktop\imgui_load_gif\project\opencv\src\opencvdemo\obj\x64\debug\opencvdemo\vc143.pdb
f:\desktop\imgui_load_gif\project\opencv\src\opencvdemo\obj\x64\debug\opencvdemo\vc143.idb
f:\desktop\imgui_load_gif\project\opencv\src\opencvdemo\obj\x64\debug\opencvdemo\opencvdemo.vcxproj.filelistabsolute.txt
f:\desktop\imgui_load_gif\project\opencv\src\opencvdemo\obj\x64\debug\opencvdemo\opencvdemo.tlog\cl.command.1.tlog
f:\desktop\imgui_load_gif\project\opencv\src\opencvdemo\obj\x64\debug\opencvdemo\opencvdemo.tlog\cl.read.1.tlog
f:\desktop\imgui_load_gif\project\opencv\src\opencvdemo\obj\x64\debug\opencvdemo\opencvdemo.tlog\cl.write.1.tlog
f:\desktop\imgui_load_gif\project\opencv\src\opencvdemo\obj\x64\debug\opencvdemo\opencvdemo.tlog\link-cvtres.read.1.tlog
f:\desktop\imgui_load_gif\project\opencv\src\opencvdemo\obj\x64\debug\opencvdemo\opencvdemo.tlog\link-cvtres.write.1.tlog
f:\desktop\imgui_load_gif\project\opencv\src\opencvdemo\obj\x64\debug\opencvdemo\opencvdemo.tlog\link-rc.read.1.tlog
f:\desktop\imgui_load_gif\project\opencv\src\opencvdemo\obj\x64\debug\opencvdemo\opencvdemo.tlog\link-rc.write.1.tlog
f:\desktop\imgui_load_gif\project\opencv\src\opencvdemo\obj\x64\debug\opencvdemo\opencvdemo.tlog\link.23872-cvtres.read.1.tlog
f:\desktop\imgui_load_gif\project\opencv\src\opencvdemo\obj\x64\debug\opencvdemo\opencvdemo.tlog\link.23872-cvtres.write.1.tlog
f:\desktop\imgui_load_gif\project\opencv\src\opencvdemo\obj\x64\debug\opencvdemo\opencvdemo.tlog\link.23872-rc.read.1.tlog
f:\desktop\imgui_load_gif\project\opencv\src\opencvdemo\obj\x64\debug\opencvdemo\opencvdemo.tlog\link.23872-rc.write.1.tlog
f:\desktop\imgui_load_gif\project\opencv\src\opencvdemo\obj\x64\debug\opencvdemo\opencvdemo.tlog\link.23872.read.1.tlog
f:\desktop\imgui_load_gif\project\opencv\src\opencvdemo\obj\x64\debug\opencvdemo\opencvdemo.tlog\link.23872.read.2.tlog
f:\desktop\imgui_load_gif\project\opencv\src\opencvdemo\obj\x64\debug\opencvdemo\opencvdemo.tlog\link.23872.write.1.tlog
f:\desktop\imgui_load_gif\project\opencv\src\opencvdemo\obj\x64\debug\opencvdemo\opencvdemo.tlog\link.command.1.tlog
f:\desktop\imgui_load_gif\project\opencv\src\opencvdemo\obj\x64\debug\opencvdemo\opencvdemo.tlog\link.read.1.tlog
f:\desktop\imgui_load_gif\project\opencv\src\opencvdemo\obj\x64\debug\opencvdemo\opencvdemo.tlog\link.read.2.tlog
f:\desktop\imgui_load_gif\project\opencv\src\opencvdemo\obj\x64\debug\opencvdemo\opencvdemo.tlog\link.write.1.tlog
