D:\VS2022\MSBuild\Microsoft\VC\v170\Microsoft.CppBuild.targets(520,5): warning MSB8004: Output 目录未以斜杠结尾。  此生成实例将添加斜杠，因为必须有这个斜杠才能正确计算 Output 目录。
  main.cpp
C:\Program Files (x86)\Microsoft DirectX SDK (June 2010)\include\dxgitype.h(12,1): warning C4005: “DXGI_STATUS_OCCLUDED”: 宏重定义
D:\Windows Kits\10\Include\10.0.22621.0\shared\winerror.h(58010): message : 参见“DXGI_STATUS_OCCLUDED”的前一个定义
C:\Program Files (x86)\Microsoft DirectX SDK (June 2010)\include\dxgitype.h(13,1): warning C4005: “DXGI_STATUS_CLIPPED”: 宏重定义
D:\Windows Kits\10\Include\10.0.22621.0\shared\winerror.h(58019): message : 参见“DXGI_STATUS_CLIPPED”的前一个定义
C:\Program Files (x86)\Microsoft DirectX SDK (June 2010)\include\dxgitype.h(14,1): warning C4005: “DXGI_STATUS_NO_REDIRECTION”: 宏重定义
D:\Windows Kits\10\Include\10.0.22621.0\shared\winerror.h(58028): message : 参见“DXGI_STATUS_NO_REDIRECTION”的前一个定义
C:\Program Files (x86)\Microsoft DirectX SDK (June 2010)\include\dxgitype.h(15,1): warning C4005: “DXGI_STATUS_NO_DESKTOP_ACCESS”: 宏重定义
D:\Windows Kits\10\Include\10.0.22621.0\shared\winerror.h(58037): message : 参见“DXGI_STATUS_NO_DESKTOP_ACCESS”的前一个定义
C:\Program Files (x86)\Microsoft DirectX SDK (June 2010)\include\dxgitype.h(16,1): warning C4005: “DXGI_STATUS_GRAPHICS_VIDPN_SOURCE_IN_USE”: 宏重定义
D:\Windows Kits\10\Include\10.0.22621.0\shared\winerror.h(58046): message : 参见“DXGI_STATUS_GRAPHICS_VIDPN_SOURCE_IN_USE”的前一个定义
C:\Program Files (x86)\Microsoft DirectX SDK (June 2010)\include\dxgitype.h(17,1): warning C4005: “DXGI_STATUS_MODE_CHANGED”: 宏重定义
D:\Windows Kits\10\Include\10.0.22621.0\shared\winerror.h(58055): message : 参见“DXGI_STATUS_MODE_CHANGED”的前一个定义
C:\Program Files (x86)\Microsoft DirectX SDK (June 2010)\include\dxgitype.h(18,1): warning C4005: “DXGI_STATUS_MODE_CHANGE_IN_PROGRESS”: 宏重定义
D:\Windows Kits\10\Include\10.0.22621.0\shared\winerror.h(58064): message : 参见“DXGI_STATUS_MODE_CHANGE_IN_PROGRESS”的前一个定义
C:\Program Files (x86)\Microsoft DirectX SDK (June 2010)\include\dxgitype.h(21,1): warning C4005: “DXGI_ERROR_INVALID_CALL”: 宏重定义
D:\Windows Kits\10\Include\10.0.22621.0\shared\winerror.h(58079): message : 参见“DXGI_ERROR_INVALID_CALL”的前一个定义
C:\Program Files (x86)\Microsoft DirectX SDK (June 2010)\include\dxgitype.h(22,1): warning C4005: “DXGI_ERROR_NOT_FOUND”: 宏重定义
D:\Windows Kits\10\Include\10.0.22621.0\shared\winerror.h(58088): message : 参见“DXGI_ERROR_NOT_FOUND”的前一个定义
C:\Program Files (x86)\Microsoft DirectX SDK (June 2010)\include\dxgitype.h(23,1): warning C4005: “DXGI_ERROR_MORE_DATA”: 宏重定义
D:\Windows Kits\10\Include\10.0.22621.0\shared\winerror.h(58097): message : 参见“DXGI_ERROR_MORE_DATA”的前一个定义
C:\Program Files (x86)\Microsoft DirectX SDK (June 2010)\include\dxgitype.h(24,1): warning C4005: “DXGI_ERROR_UNSUPPORTED”: 宏重定义
D:\Windows Kits\10\Include\10.0.22621.0\shared\winerror.h(58106): message : 参见“DXGI_ERROR_UNSUPPORTED”的前一个定义
C:\Program Files (x86)\Microsoft DirectX SDK (June 2010)\include\dxgitype.h(25,1): warning C4005: “DXGI_ERROR_DEVICE_REMOVED”: 宏重定义
D:\Windows Kits\10\Include\10.0.22621.0\shared\winerror.h(58115): message : 参见“DXGI_ERROR_DEVICE_REMOVED”的前一个定义
C:\Program Files (x86)\Microsoft DirectX SDK (June 2010)\include\dxgitype.h(26,1): warning C4005: “DXGI_ERROR_DEVICE_HUNG”: 宏重定义
D:\Windows Kits\10\Include\10.0.22621.0\shared\winerror.h(58124): message : 参见“DXGI_ERROR_DEVICE_HUNG”的前一个定义
C:\Program Files (x86)\Microsoft DirectX SDK (June 2010)\include\dxgitype.h(27,1): warning C4005: “DXGI_ERROR_DEVICE_RESET”: 宏重定义
D:\Windows Kits\10\Include\10.0.22621.0\shared\winerror.h(58134): message : 参见“DXGI_ERROR_DEVICE_RESET”的前一个定义
C:\Program Files (x86)\Microsoft DirectX SDK (June 2010)\include\dxgitype.h(28,1): warning C4005: “DXGI_ERROR_WAS_STILL_DRAWING”: 宏重定义
D:\Windows Kits\10\Include\10.0.22621.0\shared\winerror.h(58143): message : 参见“DXGI_ERROR_WAS_STILL_DRAWING”的前一个定义
C:\Program Files (x86)\Microsoft DirectX SDK (June 2010)\include\dxgitype.h(29,1): warning C4005: “DXGI_ERROR_FRAME_STATISTICS_DISJOINT”: 宏重定义
D:\Windows Kits\10\Include\10.0.22621.0\shared\winerror.h(58153): message : 参见“DXGI_ERROR_FRAME_STATISTICS_DISJOINT”的前一个定义
C:\Program Files (x86)\Microsoft DirectX SDK (June 2010)\include\dxgitype.h(30,1): warning C4005: “DXGI_ERROR_GRAPHICS_VIDPN_SOURCE_IN_USE”: 宏重定义
D:\Windows Kits\10\Include\10.0.22621.0\shared\winerror.h(58162): message : 参见“DXGI_ERROR_GRAPHICS_VIDPN_SOURCE_IN_USE”的前一个定义
C:\Program Files (x86)\Microsoft DirectX SDK (June 2010)\include\dxgitype.h(31,1): warning C4005: “DXGI_ERROR_DRIVER_INTERNAL_ERROR”: 宏重定义
D:\Windows Kits\10\Include\10.0.22621.0\shared\winerror.h(58172): message : 参见“DXGI_ERROR_DRIVER_INTERNAL_ERROR”的前一个定义
C:\Program Files (x86)\Microsoft DirectX SDK (June 2010)\include\dxgitype.h(32,1): warning C4005: “DXGI_ERROR_NONEXCLUSIVE”: 宏重定义
D:\Windows Kits\10\Include\10.0.22621.0\shared\winerror.h(58181): message : 参见“DXGI_ERROR_NONEXCLUSIVE”的前一个定义
C:\Program Files (x86)\Microsoft DirectX SDK (June 2010)\include\dxgitype.h(33,1): warning C4005: “DXGI_ERROR_NOT_CURRENTLY_AVAILABLE”: 宏重定义
D:\Windows Kits\10\Include\10.0.22621.0\shared\winerror.h(58190): message : 参见“DXGI_ERROR_NOT_CURRENTLY_AVAILABLE”的前一个定义
C:\Program Files (x86)\Microsoft DirectX SDK (June 2010)\include\dxgitype.h(34,1): warning C4005: “DXGI_ERROR_REMOTE_CLIENT_DISCONNECTED”: 宏重定义
D:\Windows Kits\10\Include\10.0.22621.0\shared\winerror.h(58200): message : 参见“DXGI_ERROR_REMOTE_CLIENT_DISCONNECTED”的前一个定义
C:\Program Files (x86)\Microsoft DirectX SDK (June 2010)\include\dxgitype.h(35,1): warning C4005: “DXGI_ERROR_REMOTE_OUTOFMEMORY”: 宏重定义
D:\Windows Kits\10\Include\10.0.22621.0\shared\winerror.h(58209): message : 参见“DXGI_ERROR_REMOTE_OUTOFMEMORY”的前一个定义
C:\Program Files (x86)\Microsoft DirectX SDK (June 2010)\include\d3d11.h(917,1): warning C4005: “D3D11_ERROR_TOO_MANY_UNIQUE_STATE_OBJECTS”: 宏重定义
D:\Windows Kits\10\Include\10.0.22621.0\shared\winerror.h(58515): message : 参见“D3D11_ERROR_TOO_MANY_UNIQUE_STATE_OBJECTS”的前一个定义
C:\Program Files (x86)\Microsoft DirectX SDK (June 2010)\include\d3d11.h(918,1): warning C4005: “D3D11_ERROR_FILE_NOT_FOUND”: 宏重定义
D:\Windows Kits\10\Include\10.0.22621.0\shared\winerror.h(58524): message : 参见“D3D11_ERROR_FILE_NOT_FOUND”的前一个定义
C:\Program Files (x86)\Microsoft DirectX SDK (June 2010)\include\d3d11.h(919,1): warning C4005: “D3D11_ERROR_TOO_MANY_UNIQUE_VIEW_OBJECTS”: 宏重定义
D:\Windows Kits\10\Include\10.0.22621.0\shared\winerror.h(58534): message : 参见“D3D11_ERROR_TOO_MANY_UNIQUE_VIEW_OBJECTS”的前一个定义
C:\Program Files (x86)\Microsoft DirectX SDK (June 2010)\include\d3d11.h(920,1): warning C4005: “D3D11_ERROR_DEFERRED_CONTEXT_MAP_WITHOUT_INITIAL_DISCARD”: 宏重定义
D:\Windows Kits\10\Include\10.0.22621.0\shared\winerror.h(58543): message : 参见“D3D11_ERROR_DEFERRED_CONTEXT_MAP_WITHOUT_INITIAL_DISCARD”的前一个定义
C:\Program Files (x86)\Microsoft DirectX SDK (June 2010)\include\d3d10.h(608,1): warning C4005: “D3D10_ERROR_TOO_MANY_UNIQUE_STATE_OBJECTS”: 宏重定义
D:\Windows Kits\10\Include\10.0.22621.0\shared\winerror.h(58491): message : 参见“D3D10_ERROR_TOO_MANY_UNIQUE_STATE_OBJECTS”的前一个定义
C:\Program Files (x86)\Microsoft DirectX SDK (June 2010)\include\d3d10.h(609,1): warning C4005: “D3D10_ERROR_FILE_NOT_FOUND”: 宏重定义
D:\Windows Kits\10\Include\10.0.22621.0\shared\winerror.h(58500): message : 参见“D3D10_ERROR_FILE_NOT_FOUND”的前一个定义
F:\Desktop\ImGui_Load_Gif\project\OpenCV\src\OpencvDemo\main.cpp(100,1): warning C4267: “初始化”: 从“size_t”转换到“int”，可能丢失数据
F:\Desktop\ImGui_Load_Gif\project\OpenCV\src\OpencvDemo\main.cpp(129,29): warning C4244: “=”: 从“std::streamoff”转换到“int”，可能丢失数据
main.obj : error LNK2019: 无法解析的外部符号 D3D11CreateDeviceAndSwapChain，函数 "bool __cdecl CreateDeviceD3D(struct HWND__ *)" (?CreateDeviceD3D@@YA_NPEAUHWND__@@@Z) 中引用了该符号
main.obj : error LNK2019: 无法解析的外部符号 D3DX11CreateTextureFromMemory，函数 "public: struct ID3D11ShaderResourceView * __cdecl ImGuiDrawPhoto::DX11LoadTextureImageToExeFilePath(struct ID3D11Device *,class std::basic_string<char,struct std::char_traits<char>,class std::allocator<char> >)" (?DX11LoadTextureImageToExeFilePath@ImGuiDrawPhoto@@QEAAPEAUID3D11ShaderResourceView@@PEAUID3D11Device@@V?$basic_string@DU?$char_traits@D@std@@V?$allocator@D@2@@std@@@Z) 中引用了该符号
..\..\bin\win64\OpencvDemo_x64_Debug.exe : fatal error LNK1120: 2 个无法解析的外部命令
